<?xml version="1.0" encoding="UTF-8"?>
<coverage generated="1723037633124" clover="3.2.0">
  <project timestamp="1723037633124" name="All files">
    <metrics statements="91" coveredstatements="90" conditionals="6" coveredconditionals="5" methods="11" coveredmethods="11" elements="108" coveredelements="106" complexity="0" loc="91" ncloc="91" packages="5" files="6" classes="6"/>
    <package name="src">
      <metrics statements="30" coveredstatements="30" conditionals="0" coveredconditionals="0" methods="4" coveredmethods="4"/>
      <file name="router.ts" path="D:\React\14-rest_api_node_ts_server\src\router.ts">
        <metrics statements="14" coveredstatements="14" conditionals="0" coveredconditionals="0" methods="2" coveredmethods="2"/>
        <line num="1" count="2" type="stmt"/>
        <line num="2" count="2" type="stmt"/>
        <line num="3" count="2" type="stmt"/>
        <line num="4" count="2" type="stmt"/>
        <line num="6" count="2" type="stmt"/>
        <line num="41" count="2" type="stmt"/>
        <line num="46" count="2" type="stmt"/>
        <line num="58" count="2" type="stmt"/>
        <line num="67" count="4" type="stmt"/>
        <line num="74" count="2" type="stmt"/>
        <line num="82" count="5" type="stmt"/>
        <line num="91" count="2" type="stmt"/>
        <line num="97" count="2" type="stmt"/>
        <line num="103" count="2" type="stmt"/>
      </file>
      <file name="server.ts" path="D:\React\14-rest_api_node_ts_server\src\server.ts">
        <metrics statements="16" coveredstatements="16" conditionals="0" coveredconditionals="0" methods="2" coveredmethods="2"/>
        <line num="1" count="2" type="stmt"/>
        <line num="2" count="2" type="stmt"/>
        <line num="3" count="2" type="stmt"/>
        <line num="4" count="2" type="stmt"/>
        <line num="7" count="2" type="stmt"/>
        <line num="8" count="3" type="stmt"/>
        <line num="9" count="3" type="stmt"/>
        <line num="10" count="2" type="stmt"/>
        <line num="14" count="1" type="stmt"/>
        <line num="19" count="2" type="stmt"/>
        <line num="25" count="2" type="stmt"/>
        <line num="74" count="2" type="stmt"/>
        <line num="81" count="2" type="stmt"/>
        <line num="84" count="2" type="stmt"/>
        <line num="85" count="1" type="stmt"/>
        <line num="88" count="2" type="stmt"/>
      </file>
    </package>
    <package name="src.config">
      <metrics statements="5" coveredstatements="5" conditionals="0" coveredconditionals="0" methods="0" coveredmethods="0"/>
      <file name="db.ts" path="D:\React\14-rest_api_node_ts_server\src\config\db.ts">
        <metrics statements="5" coveredstatements="5" conditionals="0" coveredconditionals="0" methods="0" coveredmethods="0"/>
        <line num="1" count="2" type="stmt"/>
        <line num="2" count="2" type="stmt"/>
        <line num="5" count="2" type="stmt"/>
        <line num="16" count="2" type="stmt"/>
        <line num="21" count="2" type="stmt"/>
      </file>
    </package>
    <package name="src.handlers">
      <metrics statements="43" coveredstatements="42" conditionals="5" coveredconditionals="4" methods="6" coveredmethods="6"/>
      <file name="product.ts" path="D:\React\14-rest_api_node_ts_server\src\handlers\product.ts">
        <metrics statements="43" coveredstatements="42" conditionals="5" coveredconditionals="4" methods="6" coveredmethods="6"/>
        <line num="2" count="2" type="stmt"/>
        <line num="3" count="2" type="stmt"/>
        <line num="6" count="2" type="stmt"/>
        <line num="17" count="2" type="stmt"/>
        <line num="25" count="2" type="stmt"/>
        <line num="30" count="2" type="stmt"/>
        <line num="38" count="2" type="stmt"/>
        <line num="40" count="2" type="stmt"/>
        <line num="41" count="2" type="stmt"/>
        <line num="44" count="2" type="cond" truecount="1" falsecount="0"/>
        <line num="45" count="1" type="stmt"/>
        <line num="50" count="1" type="stmt"/>
        <line num="57" count="2" type="stmt"/>
        <line num="83" count="1" type="stmt"/>
        <line num="85" count="1" type="cond" truecount="0" falsecount="1"/>
        <line num="86" count="0" type="stmt"/>
        <line num="93" count="1" type="stmt"/>
        <line num="95" count="1" type="stmt"/>
        <line num="97" count="1" type="stmt"/>
        <line num="99" count="1" type="stmt"/>
        <line num="104" count="2" type="stmt"/>
        <line num="105" count="2" type="stmt"/>
        <line num="106" count="2" type="stmt"/>
        <line num="108" count="2" type="cond" truecount="1" falsecount="0"/>
        <line num="109" count="1" type="stmt"/>
        <line num="119" count="1" type="stmt"/>
        <line num="120" count="1" type="stmt"/>
        <line num="121" count="1" type="stmt"/>
        <line num="124" count="2" type="stmt"/>
        <line num="125" count="2" type="stmt"/>
        <line num="126" count="2" type="stmt"/>
        <line num="128" count="2" type="cond" truecount="1" falsecount="0"/>
        <line num="129" count="1" type="stmt"/>
        <line num="137" count="1" type="stmt"/>
        <line num="138" count="1" type="stmt"/>
        <line num="146" count="1" type="stmt"/>
        <line num="149" count="2" type="stmt"/>
        <line num="150" count="2" type="stmt"/>
        <line num="151" count="2" type="stmt"/>
        <line num="153" count="2" type="cond" truecount="1" falsecount="0"/>
        <line num="154" count="1" type="stmt"/>
        <line num="159" count="1" type="stmt"/>
        <line num="160" count="1" type="stmt"/>
      </file>
    </package>
    <package name="src.middleware">
      <metrics statements="7" coveredstatements="7" conditionals="1" coveredconditionals="1" methods="1" coveredmethods="1"/>
      <file name="index.ts" path="D:\React\14-rest_api_node_ts_server\src\middleware\index.ts">
        <metrics statements="7" coveredstatements="7" conditionals="1" coveredconditionals="1" methods="1" coveredmethods="1"/>
        <line num="2" count="2" type="stmt"/>
        <line num="8" count="2" type="stmt"/>
        <line num="10" count="17" type="stmt"/>
        <line num="17" count="17" type="stmt"/>
        <line num="19" count="17" type="cond" truecount="1" falsecount="0"/>
        <line num="20" count="8" type="stmt"/>
        <line num="23" count="9" type="stmt"/>
      </file>
    </package>
    <package name="src.models">
      <metrics statements="6" coveredstatements="6" conditionals="0" coveredconditionals="0" methods="0" coveredmethods="0"/>
      <file name="Product.model.ts" path="D:\React\14-rest_api_node_ts_server\src\models\Product.model.ts">
        <metrics statements="6" coveredstatements="6" conditionals="0" coveredconditionals="0" methods="0" coveredmethods="0"/>
        <line num="1" count="3" type="stmt"/>
        <line num="12" count="3" type="stmt"/>
        <line num="26" count="3" type="stmt"/>
        <line num="32" count="3" type="stmt"/>
        <line num="39" count="3" type="stmt"/>
        <line num="42" count="3" type="stmt"/>
      </file>
    </package>
  </project>
</coverage>
