{"D:\\React\\14-rest_api_node_ts_server\\src\\router.ts": {"path":"D:\\React\\14-rest_api_node_ts_server\\src\\router.ts","statementMap":{"0":{"start":{"line":1,"column":0},"end":{"line":1,"column":32}},"1":{"start":{"line":2,"column":0},"end":{"line":2,"column":47}},"2":{"start":{"line":3,"column":0},"end":{"line":3,"column":129}},"3":{"start":{"line":4,"column":0},"end":{"line":4,"column":48}},"4":{"start":{"line":6,"column":15},"end":{"line":6,"column":23}},"5":{"start":{"line":41,"column":0},"end":{"line":41,"column":30}},"6":{"start":{"line":46,"column":0},"end":{"line":50,"column":null}},"7":{"start":{"line":58,"column":0},"end":{"line":72,"column":null}},"8":{"start":{"line":67,"column":25},"end":{"line":67,"column":34}},"9":{"start":{"line":74,"column":0},"end":{"line":89,"column":null}},"10":{"start":{"line":82,"column":25},"end":{"line":82,"column":34}},"11":{"start":{"line":91,"column":0},"end":{"line":95,"column":null}},"12":{"start":{"line":97,"column":0},"end":{"line":101,"column":null}},"13":{"start":{"line":103,"column":0},"end":{"line":103,"column":null}}},"fnMap":{"0":{"name":"(anonymous_0)","decl":{"start":{"line":67,"column":16},"end":{"line":67,"column":21}},"loc":{"start":{"line":67,"column":25},"end":{"line":67,"column":34}}},"1":{"name":"(anonymous_1)","decl":{"start":{"line":82,"column":16},"end":{"line":82,"column":21}},"loc":{"start":{"line":82,"column":25},"end":{"line":82,"column":34}}}},"branchMap":{},"s":{"0":2,"1":2,"2":2,"3":2,"4":2,"5":2,"6":2,"7":2,"8":4,"9":2,"10":5,"11":2,"12":2,"13":2},"f":{"0":4,"1":5},"b":{}}
,"D:\\React\\14-rest_api_node_ts_server\\src\\server.ts": {"path":"D:\\React\\14-rest_api_node_ts_server\\src\\server.ts","statementMap":{"0":{"start":{"line":1,"column":0},"end":{"line":1,"column":29}},"1":{"start":{"line":2,"column":0},"end":{"line":2,"column":27}},"2":{"start":{"line":3,"column":0},"end":{"line":3,"column":30}},"3":{"start":{"line":4,"column":0},"end":{"line":4,"column":28}},"4":{"start":{"line":8,"column":4},"end":{"line":15,"column":null}},"5":{"start":{"line":9,"column":8},"end":{"line":9,"column":35}},"6":{"start":{"line":10,"column":8},"end":{"line":10,"column":19}},"7":{"start":{"line":14,"column":8},"end":{"line":14,"column":77}},"8":{"start":{"line":7,"column":0},"end":{"line":7,"column":7}},"9":{"start":{"line":19,"column":0},"end":{"line":19,"column":13}},"10":{"start":{"line":25,"column":15},"end":{"line":25,"column":24}},"11":{"start":{"line":74,"column":0},"end":{"line":74,"column":29}},"12":{"start":{"line":81,"column":0},"end":{"line":81,"column":38}},"13":{"start":{"line":84,"column":0},"end":{"line":86,"column":null}},"14":{"start":{"line":85,"column":4},"end":{"line":85,"column":null}},"15":{"start":{"line":88,"column":0},"end":{"line":88,"column":null}}},"fnMap":{"0":{"name":"connectDB","decl":{"start":{"line":7,"column":22},"end":{"line":7,"column":31}},"loc":{"start":{"line":7,"column":31},"end":{"line":16,"column":1}}},"1":{"name":"(anonymous_2)","decl":{"start":{"line":84,"column":19},"end":{"line":84,"column":20}},"loc":{"start":{"line":84,"column":32},"end":{"line":86,"column":1}}}},"branchMap":{},"s":{"0":2,"1":2,"2":2,"3":2,"4":3,"5":3,"6":2,"7":1,"8":2,"9":2,"10":2,"11":2,"12":2,"13":2,"14":1,"15":2},"f":{"0":3,"1":1},"b":{}}
,"D:\\React\\14-rest_api_node_ts_server\\src\\config\\db.ts": {"path":"D:\\React\\14-rest_api_node_ts_server\\src\\config\\db.ts","statementMap":{"0":{"start":{"line":1,"column":0},"end":{"line":1,"column":48}},"1":{"start":{"line":2,"column":0},"end":{"line":2,"column":27}},"2":{"start":{"line":5,"column":0},"end":{"line":5,"column":null}},"3":{"start":{"line":16,"column":11},"end":{"line":19,"column":2}},"4":{"start":{"line":21,"column":0},"end":{"line":21,"column":null}}},"fnMap":{},"branchMap":{},"s":{"0":2,"1":2,"2":2,"3":2,"4":2},"f":{},"b":{}}
,"D:\\React\\14-rest_api_node_ts_server\\src\\handlers\\product.ts": {"path":"D:\\React\\14-rest_api_node_ts_server\\src\\handlers\\product.ts","statementMap":{"0":{"start":{"line":2,"column":0},"end":{"line":2,"column":59}},"1":{"start":{"line":3,"column":0},"end":{"line":3,"column":45}},"2":{"start":{"line":6,"column":27},"end":{"line":28,"column":1}},"3":{"start":{"line":17,"column":25},"end":{"line":23,"column":10}},"4":{"start":{"line":25,"column":8},"end":{"line":25,"column":36}},"5":{"start":{"line":6,"column":13},"end":{"line":6,"column":27}},"6":{"start":{"line":30,"column":30},"end":{"line":53,"column":1}},"7":{"start":{"line":38,"column":8},"end":{"line":38,"column":36}},"8":{"start":{"line":40,"column":23},"end":{"line":40,"column":33}},"9":{"start":{"line":41,"column":24},"end":{"line":41,"column":50}},"10":{"start":{"line":44,"column":8},"end":{"line":48,"column":null}},"11":{"start":{"line":45,"column":12},"end":{"line":47,"column":null}},"12":{"start":{"line":50,"column":8},"end":{"line":50,"column":35}},"13":{"start":{"line":30,"column":13},"end":{"line":30,"column":30}},"14":{"start":{"line":57,"column":29},"end":{"line":100,"column":1}},"15":{"start":{"line":83,"column":21},"end":{"line":83,"column":42}},"16":{"start":{"line":85,"column":8},"end":{"line":87,"column":null}},"17":{"start":{"line":86,"column":12},"end":{"line":86,"column":66}},"18":{"start":{"line":93,"column":24},"end":{"line":93,"column":54}},"19":{"start":{"line":95,"column":8},"end":{"line":95,"column":24}},"20":{"start":{"line":97,"column":8},"end":{"line":97,"column":null}},"21":{"start":{"line":99,"column":8},"end":{"line":99,"column":47}},"22":{"start":{"line":57,"column":13},"end":{"line":57,"column":29}},"23":{"start":{"line":104,"column":29},"end":{"line":122,"column":1}},"24":{"start":{"line":105,"column":19},"end":{"line":105,"column":29}},"25":{"start":{"line":106,"column":20},"end":{"line":106,"column":46}},"26":{"start":{"line":108,"column":4},"end":{"line":112,"column":null}},"27":{"start":{"line":109,"column":8},"end":{"line":111,"column":null}},"28":{"start":{"line":119,"column":4},"end":{"line":119,"column":36}},"29":{"start":{"line":120,"column":4},"end":{"line":120,"column":36}},"30":{"start":{"line":121,"column":4},"end":{"line":121,"column":null}},"31":{"start":{"line":104,"column":13},"end":{"line":104,"column":29}},"32":{"start":{"line":124,"column":34},"end":{"line":147,"column":1}},"33":{"start":{"line":125,"column":19},"end":{"line":125,"column":29}},"34":{"start":{"line":126,"column":20},"end":{"line":126,"column":46}},"35":{"start":{"line":128,"column":4},"end":{"line":132,"column":null}},"36":{"start":{"line":129,"column":8},"end":{"line":131,"column":null}},"37":{"start":{"line":137,"column":4},"end":{"line":137,"column":null}},"38":{"start":{"line":138,"column":4},"end":{"line":138,"column":null}},"39":{"start":{"line":146,"column":4},"end":{"line":146,"column":null}},"40":{"start":{"line":124,"column":13},"end":{"line":124,"column":34}},"41":{"start":{"line":149,"column":29},"end":{"line":161,"column":1}},"42":{"start":{"line":150,"column":19},"end":{"line":150,"column":29}},"43":{"start":{"line":151,"column":20},"end":{"line":151,"column":46}},"44":{"start":{"line":153,"column":4},"end":{"line":157,"column":null}},"45":{"start":{"line":154,"column":8},"end":{"line":156,"column":null}},"46":{"start":{"line":159,"column":4},"end":{"line":159,"column":29}},"47":{"start":{"line":160,"column":4},"end":{"line":160,"column":44}},"48":{"start":{"line":149,"column":13},"end":{"line":149,"column":29}}},"fnMap":{"0":{"name":"(anonymous_1)","decl":{"start":{"line":6,"column":27},"end":{"line":6,"column":32}},"loc":{"start":{"line":6,"column":65},"end":{"line":28,"column":1}}},"1":{"name":"(anonymous_2)","decl":{"start":{"line":30,"column":30},"end":{"line":30,"column":35}},"loc":{"start":{"line":30,"column":68},"end":{"line":53,"column":1}}},"2":{"name":"(anonymous_3)","decl":{"start":{"line":57,"column":29},"end":{"line":57,"column":34}},"loc":{"start":{"line":57,"column":69},"end":{"line":100,"column":1}}},"3":{"name":"(anonymous_4)","decl":{"start":{"line":104,"column":29},"end":{"line":104,"column":34}},"loc":{"start":{"line":104,"column":67},"end":{"line":122,"column":1}}},"4":{"name":"(anonymous_5)","decl":{"start":{"line":124,"column":34},"end":{"line":124,"column":39}},"loc":{"start":{"line":124,"column":72},"end":{"line":147,"column":1}}},"5":{"name":"(anonymous_6)","decl":{"start":{"line":149,"column":29},"end":{"line":149,"column":34}},"loc":{"start":{"line":149,"column":67},"end":{"line":161,"column":1}}}},"branchMap":{"0":{"loc":{"start":{"line":44,"column":8},"end":{"line":48,"column":null}},"type":"if","locations":[{"start":{"line":44,"column":8},"end":{"line":48,"column":null}}]},"1":{"loc":{"start":{"line":85,"column":8},"end":{"line":87,"column":null}},"type":"if","locations":[{"start":{"line":85,"column":8},"end":{"line":87,"column":null}}]},"2":{"loc":{"start":{"line":108,"column":4},"end":{"line":112,"column":null}},"type":"if","locations":[{"start":{"line":108,"column":4},"end":{"line":112,"column":null}}]},"3":{"loc":{"start":{"line":128,"column":4},"end":{"line":132,"column":null}},"type":"if","locations":[{"start":{"line":128,"column":4},"end":{"line":132,"column":null}}]},"4":{"loc":{"start":{"line":153,"column":4},"end":{"line":157,"column":null}},"type":"if","locations":[{"start":{"line":153,"column":4},"end":{"line":157,"column":null}}]}},"s":{"0":2,"1":2,"2":2,"3":2,"4":2,"5":2,"6":2,"7":2,"8":2,"9":2,"10":2,"11":1,"12":1,"13":2,"14":2,"15":1,"16":1,"17":0,"18":1,"19":1,"20":1,"21":1,"22":2,"23":2,"24":2,"25":2,"26":2,"27":1,"28":1,"29":1,"30":1,"31":2,"32":2,"33":2,"34":2,"35":2,"36":1,"37":1,"38":1,"39":1,"40":2,"41":2,"42":2,"43":2,"44":2,"45":1,"46":1,"47":1,"48":2},"f":{"0":2,"1":2,"2":1,"3":2,"4":2,"5":2},"b":{"0":[1],"1":[0],"2":[1],"3":[1],"4":[1]}}
,"D:\\React\\14-rest_api_node_ts_server\\src\\middleware\\index.ts": {"path":"D:\\React\\14-rest_api_node_ts_server\\src\\middleware\\index.ts","statementMap":{"0":{"start":{"line":2,"column":0},"end":{"line":2,"column":52}},"1":{"start":{"line":8,"column":33},"end":{"line":24,"column":1}},"2":{"start":{"line":10,"column":4},"end":{"line":10,"column":null}},"3":{"start":{"line":17,"column":17},"end":{"line":17,"column":38}},"4":{"start":{"line":19,"column":4},"end":{"line":21,"column":null}},"5":{"start":{"line":20,"column":8},"end":{"line":20,"column":64}},"6":{"start":{"line":23,"column":4},"end":{"line":23,"column":11}},"7":{"start":{"line":8,"column":13},"end":{"line":8,"column":33}}},"fnMap":{"0":{"name":"(anonymous_0)","decl":{"start":{"line":8,"column":33},"end":{"line":8,"column":34}},"loc":{"start":{"line":8,"column":85},"end":{"line":24,"column":1}}}},"branchMap":{"0":{"loc":{"start":{"line":19,"column":4},"end":{"line":21,"column":null}},"type":"if","locations":[{"start":{"line":19,"column":4},"end":{"line":21,"column":null}}]}},"s":{"0":2,"1":2,"2":17,"3":17,"4":17,"5":8,"6":9,"7":2},"f":{"0":17},"b":{"0":[8]}}
,"D:\\React\\14-rest_api_node_ts_server\\src\\models\\Product.model.ts": {"path":"D:\\React\\14-rest_api_node_ts_server\\src\\models\\Product.model.ts","statementMap":{"0":{"start":{"line":1,"column":0},"end":{"line":1,"column":78}},"1":{"start":{"line":12,"column":0},"end":{"line":40,"column":null}},"2":{"start":{"line":26,"column":12},"end":{"line":26,"column":null}},"3":{"start":{"line":32,"column":12},"end":{"line":32,"column":null}},"4":{"start":{"line":39,"column":12},"end":{"line":39,"column":null}},"5":{"start":{"line":12,"column":6},"end":{"line":40,"column":null}},"6":{"start":{"line":42,"column":0},"end":{"line":42,"column":null}}},"fnMap":{},"branchMap":{},"s":{"0":3,"1":3,"2":3,"3":3,"4":3,"5":3,"6":3},"f":{},"b":{}}
}
