TN:
SF:src\router.ts
FN:67,(anonymous_0)
FN:82,(anonymous_1)
FNF:2
FNH:2
FNDA:4,(anonymous_0)
FNDA:5,(anonymous_1)
DA:1,2
DA:2,2
DA:3,2
DA:4,2
DA:6,2
DA:41,2
DA:46,2
DA:58,2
DA:67,4
DA:74,2
DA:82,5
DA:91,2
DA:97,2
DA:103,2
LF:14
LH:14
BRF:0
BRH:0
end_of_record
TN:
SF:src\server.ts
FN:7,connectDB
FN:84,(anonymous_2)
FNF:2
FNH:2
FNDA:3,connectDB
FNDA:1,(anonymous_2)
DA:1,2
DA:2,2
DA:3,2
DA:4,2
DA:7,2
DA:8,3
DA:9,3
DA:10,2
DA:14,1
DA:19,2
DA:25,2
DA:74,2
DA:81,2
DA:84,2
DA:85,1
DA:88,2
LF:16
LH:16
BRF:0
BRH:0
end_of_record
TN:
SF:src\config\db.ts
FNF:0
FNH:0
DA:1,2
DA:2,2
DA:5,2
DA:16,2
DA:21,2
LF:5
LH:5
BRF:0
BRH:0
end_of_record
TN:
SF:src\handlers\product.ts
FN:6,(anonymous_1)
FN:30,(anonymous_2)
FN:57,(anonymous_3)
FN:104,(anonymous_4)
FN:124,(anonymous_5)
FN:149,(anonymous_6)
FNF:6
FNH:6
FNDA:2,(anonymous_1)
FNDA:2,(anonymous_2)
FNDA:1,(anonymous_3)
FNDA:2,(anonymous_4)
FNDA:2,(anonymous_5)
FNDA:2,(anonymous_6)
DA:2,2
DA:3,2
DA:6,2
DA:17,2
DA:25,2
DA:30,2
DA:38,2
DA:40,2
DA:41,2
DA:44,2
DA:45,1
DA:50,1
DA:57,2
DA:83,1
DA:85,1
DA:86,0
DA:93,1
DA:95,1
DA:97,1
DA:99,1
DA:104,2
DA:105,2
DA:106,2
DA:108,2
DA:109,1
DA:119,1
DA:120,1
DA:121,1
DA:124,2
DA:125,2
DA:126,2
DA:128,2
DA:129,1
DA:137,1
DA:138,1
DA:146,1
DA:149,2
DA:150,2
DA:151,2
DA:153,2
DA:154,1
DA:159,1
DA:160,1
LF:43
LH:42
BRDA:44,0,0,1
BRDA:85,1,0,0
BRDA:108,2,0,1
BRDA:128,3,0,1
BRDA:153,4,0,1
BRF:5
BRH:4
end_of_record
TN:
SF:src\middleware\index.ts
FN:8,(anonymous_0)
FNF:1
FNH:1
FNDA:17,(anonymous_0)
DA:2,2
DA:8,2
DA:10,17
DA:17,17
DA:19,17
DA:20,8
DA:23,9
LF:7
LH:7
BRDA:19,0,0,8
BRF:1
BRH:1
end_of_record
TN:
SF:src\models\Product.model.ts
FNF:0
FNH:0
DA:1,3
DA:12,3
DA:26,3
DA:32,3
DA:39,3
DA:42,3
LF:6
LH:6
BRF:0
BRH:0
end_of_record
